<?xml version="1.0" encoding="UTF-8"?>
<testng-results ignored="0" total="4" passed="3" failed="1" skipped="0">
  <reporter-output>
  </reporter-output>
  <suite started-at="2025-05-20T18:09:45 IST" name="Suite" finished-at="2025-05-20T18:10:47 IST" duration-ms="61709">
    <groups>
      <group name="SmokeTest">
        <method signature="AddLowestPriceProductToCart.TC_01_AddLowestPrciceProductToCartTest()[pri:0, instance:InventoryTests.AddLowestPriceProductToCart@70325e14]" name="TC_01_AddLowestPrciceProductToCartTest" class="InventoryTests.AddLowestPriceProductToCart"/>
        <method signature="AddProductToCart.TC_01_AddProductToCartTest()[pri:0, instance:InventoryTests.AddProductToCart@69453e37]" name="TC_01_AddProductToCartTest" class="InventoryTests.AddProductToCart"/>
        <method signature="AddProductToCart.sample()[pri:0, instance:InventoryTests.AddProductToCart@69453e37]" name="sample" class="InventoryTests.AddProductToCart"/>
      </group> <!-- SmokeTest -->
      <group name="RegressionSuite">
        <method signature="AddLowestPriceProductToCart.sample()[pri:0, instance:InventoryTests.AddLowestPriceProductToCart@70325e14]" name="sample" class="InventoryTests.AddLowestPriceProductToCart"/>
      </group> <!-- RegressionSuite -->
    </groups>
    <test started-at="2025-05-20T18:09:45 IST" name="Test" finished-at="2025-05-20T18:10:47 IST" duration-ms="61709">
      <class name="InventoryTests.AddLowestPriceProductToCart">
        <test-method is-config="true" signature="bsconfig()[pri:0, instance:InventoryTests.AddLowestPriceProductToCart@70325e14]" started-at="2025-05-20T18:09:45 IST" name="bsconfig" finished-at="2025-05-20T18:09:45 IST" duration-ms="13" status="PASS">
          <reporter-output>
          </reporter-output>
        </test-method> <!-- bsconfig -->
        <test-method is-config="true" signature="bcconfig()[pri:0, instance:InventoryTests.AddLowestPriceProductToCart@70325e14]" started-at="2025-05-20T18:09:46 IST" name="bcconfig" finished-at="2025-05-20T18:10:39 IST" duration-ms="53485" status="PASS">
          <reporter-output>
          </reporter-output>
        </test-method> <!-- bcconfig -->
        <test-method is-config="true" signature="bmconfig()[pri:0, instance:InventoryTests.AddLowestPriceProductToCart@70325e14]" started-at="2025-05-20T18:10:39 IST" name="bmconfig" finished-at="2025-05-20T18:10:39 IST" duration-ms="259" status="PASS">
          <reporter-output>
          </reporter-output>
        </test-method> <!-- bmconfig -->
        <test-method signature="TC_01_AddLowestPrciceProductToCartTest()[pri:0, instance:InventoryTests.AddLowestPriceProductToCart@70325e14]" started-at="2025-05-20T18:10:39 IST" name="TC_01_AddLowestPrciceProductToCartTest" finished-at="2025-05-20T18:10:40 IST" duration-ms="1031" status="PASS">
          <reporter-output>
          </reporter-output>
        </test-method> <!-- TC_01_AddLowestPrciceProductToCartTest -->
        <test-method is-config="true" signature="amconfig()[pri:0, instance:InventoryTests.AddLowestPriceProductToCart@70325e14]" started-at="2025-05-20T18:10:40 IST" name="amconfig" finished-at="2025-05-20T18:10:41 IST" duration-ms="202" status="PASS">
          <reporter-output>
          </reporter-output>
        </test-method> <!-- amconfig -->
        <test-method is-config="true" signature="bmconfig()[pri:0, instance:InventoryTests.AddLowestPriceProductToCart@70325e14]" started-at="2025-05-20T18:10:41 IST" name="bmconfig" finished-at="2025-05-20T18:10:41 IST" duration-ms="190" status="PASS">
          <reporter-output>
          </reporter-output>
        </test-method> <!-- bmconfig -->
        <test-method signature="sample()[pri:0, instance:InventoryTests.AddLowestPriceProductToCart@70325e14]" started-at="2025-05-20T18:10:41 IST" name="sample" finished-at="2025-05-20T18:10:41 IST" duration-ms="10" status="FAIL">
          <exception class="java.lang.AssertionError">
            <message>
              <![CDATA[null]]>
            </message>
            <full-stacktrace>
              <![CDATA[java.lang.AssertionError: null
at org.testng.Assert.fail(Assert.java:111)
at org.testng.Assert.fail(Assert.java:116)
at InventoryTests.AddLowestPriceProductToCart.sample(AddLowestPriceProductToCart.java:54)
at java.base/jdk.internal.reflect.NativeMethodAccessorImpl.invoke0(Native Method)
at java.base/jdk.internal.reflect.NativeMethodAccessorImpl.invoke(NativeMethodAccessorImpl.java:77)
at java.base/jdk.internal.reflect.DelegatingMethodAccessorImpl.invoke(DelegatingMethodAccessorImpl.java:43)
at java.base/java.lang.reflect.Method.invoke(Method.java:568)
at org.testng.internal.invokers.MethodInvocationHelper.invokeMethod(MethodInvocationHelper.java:141)
at org.testng.internal.invokers.TestInvoker.invokeMethod(TestInvoker.java:687)
at org.testng.internal.invokers.TestInvoker.invokeTestMethod(TestInvoker.java:230)
at org.testng.internal.invokers.MethodRunner.runInSequence(MethodRunner.java:63)
at org.testng.internal.invokers.TestInvoker$MethodInvocationAgent.invoke(TestInvoker.java:995)
at org.testng.internal.invokers.TestInvoker.invokeTestMethods(TestInvoker.java:203)
at org.testng.internal.invokers.TestMethodWorker.invokeTestMethods(TestMethodWorker.java:154)
at org.testng.internal.invokers.TestMethodWorker.run(TestMethodWorker.java:134)
at java.base/java.util.ArrayList.forEach(ArrayList.java:1511)
at org.testng.TestRunner.privateRun(TestRunner.java:741)
at org.testng.TestRunner.run(TestRunner.java:616)
at org.testng.SuiteRunner.runTest(SuiteRunner.java:421)
at org.testng.SuiteRunner.runSequentially(SuiteRunner.java:413)
at org.testng.SuiteRunner.privateRun(SuiteRunner.java:373)
at org.testng.SuiteRunner.run(SuiteRunner.java:312)
at org.testng.SuiteRunnerWorker.runSuite(SuiteRunnerWorker.java:52)
at org.testng.SuiteRunnerWorker.run(SuiteRunnerWorker.java:95)
at org.testng.TestNG.runSuitesSequentially(TestNG.java:1274)
at org.testng.TestNG.runSuitesLocally(TestNG.java:1208)
at org.testng.TestNG.runSuites(TestNG.java:1112)
at org.testng.TestNG.run(TestNG.java:1079)
at org.testng.remote.AbstractRemoteTestNG.run(AbstractRemoteTestNG.java:115)
at org.testng.remote.RemoteTestNG.initAndRun(RemoteTestNG.java:293)
at org.testng.remote.RemoteTestNG.main(RemoteTestNG.java:91)
]]>
            </full-stacktrace>
          </exception> <!-- java.lang.AssertionError -->
          <reporter-output>
          </reporter-output>
        </test-method> <!-- sample -->
        <test-method is-config="true" signature="amconfig()[pri:0, instance:InventoryTests.AddLowestPriceProductToCart@70325e14]" started-at="2025-05-20T18:10:41 IST" name="amconfig" finished-at="2025-05-20T18:10:41 IST" duration-ms="186" status="PASS">
          <reporter-output>
          </reporter-output>
        </test-method> <!-- amconfig -->
        <test-method is-config="true" signature="acconfig()[pri:0, instance:InventoryTests.AddLowestPriceProductToCart@70325e14]" started-at="2025-05-20T18:10:41 IST" name="acconfig" finished-at="2025-05-20T18:10:41 IST" duration-ms="292" status="PASS">
          <reporter-output>
          </reporter-output>
        </test-method> <!-- acconfig -->
        <test-method is-config="true" signature="asconfig()[pri:0, instance:InventoryTests.AddLowestPriceProductToCart@70325e14]" started-at="2025-05-20T18:10:47 IST" name="asconfig" finished-at="2025-05-20T18:10:47 IST" duration-ms="1" status="PASS">
          <reporter-output>
          </reporter-output>
        </test-method> <!-- asconfig -->
      </class> <!-- InventoryTests.AddLowestPriceProductToCart -->
      <class name="InventoryTests.AddProductToCart">
        <test-method is-config="true" signature="bcconfig()[pri:0, instance:InventoryTests.AddProductToCart@69453e37]" started-at="2025-05-20T18:10:41 IST" name="bcconfig" finished-at="2025-05-20T18:10:46 IST" duration-ms="4090" status="PASS">
          <reporter-output>
          </reporter-output>
        </test-method> <!-- bcconfig -->
        <test-method is-config="true" signature="bmconfig()[pri:0, instance:InventoryTests.AddProductToCart@69453e37]" started-at="2025-05-20T18:10:46 IST" name="bmconfig" finished-at="2025-05-20T18:10:46 IST" duration-ms="253" status="PASS">
          <reporter-output>
          </reporter-output>
        </test-method> <!-- bmconfig -->
        <test-method signature="TC_01_AddProductToCartTest()[pri:0, instance:InventoryTests.AddProductToCart@69453e37]" started-at="2025-05-20T18:10:46 IST" name="TC_01_AddProductToCartTest" finished-at="2025-05-20T18:10:46 IST" duration-ms="296" status="PASS">
          <reporter-output>
          </reporter-output>
        </test-method> <!-- TC_01_AddProductToCartTest -->
        <test-method is-config="true" signature="amconfig()[pri:0, instance:InventoryTests.AddProductToCart@69453e37]" started-at="2025-05-20T18:10:46 IST" name="amconfig" finished-at="2025-05-20T18:10:46 IST" duration-ms="165" status="PASS">
          <reporter-output>
          </reporter-output>
        </test-method> <!-- amconfig -->
        <test-method is-config="true" signature="bmconfig()[pri:0, instance:InventoryTests.AddProductToCart@69453e37]" started-at="2025-05-20T18:10:46 IST" name="bmconfig" finished-at="2025-05-20T18:10:46 IST" duration-ms="185" status="PASS">
          <reporter-output>
          </reporter-output>
        </test-method> <!-- bmconfig -->
        <test-method signature="sample()[pri:0, instance:InventoryTests.AddProductToCart@69453e37]" started-at="2025-05-20T18:10:46 IST" name="sample" finished-at="2025-05-20T18:10:46 IST" duration-ms="6" status="PASS">
          <reporter-output>
          </reporter-output>
        </test-method> <!-- sample -->
        <test-method is-config="true" signature="amconfig()[pri:0, instance:InventoryTests.AddProductToCart@69453e37]" started-at="2025-05-20T18:10:46 IST" name="amconfig" finished-at="2025-05-20T18:10:47 IST" duration-ms="261" status="PASS">
          <reporter-output>
          </reporter-output>
        </test-method> <!-- amconfig -->
        <test-method is-config="true" signature="acconfig()[pri:0, instance:InventoryTests.AddProductToCart@69453e37]" started-at="2025-05-20T18:10:47 IST" name="acconfig" finished-at="2025-05-20T18:10:47 IST" duration-ms="282" status="PASS">
          <reporter-output>
          </reporter-output>
        </test-method> <!-- acconfig -->
      </class> <!-- InventoryTests.AddProductToCart -->
    </test> <!-- Test -->
  </suite> <!-- Suite -->
</testng-results>
